Arguments: 
  /Users/subkundu/.nvm/versions/node/v14.12.0/bin/node /Users/subkundu/.nvm/versions/node/v14.12.0/bin/yarn

PATH: 
  /Users/subkundu/.nvm/versions/node/v14.12.0/bin:/Users/subkundu/.nvm/versions/node/v14.12.0/bin:/usr/local/bin:/usr/bin:/bin:/usr/sbin:/sbin:/usr/local/sbin:/Library/Apple/usr/bin:/Users/subkundu/.nvm/versions/node/v14.12.0/bin:/Applications/Visual Studio Code.app/Contents/Resources/app/bin:/Users/subkundu/flutter/bin:/Users/subkundu/Library/Android/sdk/platform-tools:/Applications/Visual Studio Code.app/Contents/Resources/app/bin:/Users/subkundu/flutter/bin:/Users/subkundu/Library/Android/sdk/platform-tools

Yarn version: 
  1.22.10

Node version: 
  14.12.0

Platform: 
  darwin x64

Trace: 
  Error: https://registry.yarnpkg.com/react: ESOCKETTIMEDOUT
      at ClientRequest.<anonymous> (/Users/subkundu/.nvm/versions/node/v14.12.0/lib/node_modules/yarn/lib/cli.js:141289:19)
      at Object.onceWrapper (events.js:420:28)
      at ClientRequest.emit (events.js:314:20)
      at TLSSocket.emitRequestTimeout (_http_client.js:774:9)
      at Object.onceWrapper (events.js:420:28)
      at TLSSocket.emit (events.js:326:22)
      at TLSSocket.Socket._onTimeout (net.js:482:8)
      at listOnTimeout (internal/timers.js:554:17)
      at processTimers (internal/timers.js:497:7)

npm manifest: 
  {
    "private": true,
    "name": "worker-react",
    "version": "1.0.0",
    "description": "A template for kick starting a Cloudflare Workers project",
    "main": "index.js",
    "scripts": {
      "test": "echo \"Error: no test specified\" && exit 1",
      "format": "prettier --write '**/*.{js,css,json,md}'"
    },
    "author": "subh <subhendukundu14@gmail.com>",
    "license": "MIT",
    "devDependencies": {
      "@babel/core": "^7.12.17",
      "@babel/plugin-transform-react-jsx": "^7.12.17",
      "@babel/preset-env": "^7.12.17",
      "@babel/register": "^7.12.13",
      "babel-loader": "^8.2.2",
      "eslint": "^7.20.0",
      "eslint-config-standard": "^16.0.2",
      "eslint-plugin-import": "^2.22.1",
      "eslint-plugin-node": "^11.1.0",
      "eslint-plugin-promise": "^4.3.1",
      "eslint-plugin-react": "^7.22.0",
      "prettier": "^1.18.2"
    },
    "dependencies": {
      "faker": "^5.4.0",
      "glob": "^7.1.6",
      "morgan": "^1.10.0",
      "prop-types": "^15.7.2",
      "react": "^17.0.1",
      "react-dom": "^17.0.1",
      "react-helmet": "^6.1.0",
      "react-reconciler": "^0.26.1",
      "styled-components": "^5.2.1"
    }
  }

yarn manifest: 
  No manifest

Lockfile: 
  No lockfile
